This is pdfTeX, Version 3.14159265-2.6-1.40.16 (MiKTeX 2.9) (preloaded format=pdflatex 2015.9.15)  19 SEP 2015 13:35
entering extended mode
**report.tex
(report.tex
LaTeX2e <2015/01/01> patch level 2
Babel <3.9m> and hyphenation patterns for 69 languages loaded.
(D:\MikTex\tex\latex\base\article.cls
Document Class: article 2014/09/29 v1.4h Standard LaTeX document class
(D:\MikTex\tex\latex\base\size12.clo
File: size12.clo 2014/09/29 v1.4h Standard LaTeX file (size option)
)
\c@part=\count79
\c@section=\count80
\c@subsection=\count81
\c@subsubsection=\count82
\c@paragraph=\count83
\c@subparagraph=\count84
\c@figure=\count85
\c@table=\count86
\abovecaptionskip=\skip41
\belowcaptionskip=\skip42
\bibindent=\dimen102
)
(D:\MikTex\tex\latex\algorithm2e\algorithm2e.sty
Package: algorithm2e 2013/01/06 v5.00 algorithms environments
\c@AlgoLine=\count87

(D:\MikTex\tex\latex\base\ifthen.sty
Package: ifthen 2014/09/29 v1.1c Standard LaTeX ifthen package (DPC)
) (D:\MikTex\tex\latex\tools\xspace.sty
Package: xspace 2014/10/28 v1.13 Space after command names (DPC,MH)
)
(D:\MikTex\tex\latex\ltxmisc\relsize.sty
Package: relsize 2003/07/04 ver 3.1
)
********************************************************
Package `algorithm2e' Release 5.0 -- january 06 2013 --
- algorithm2e-announce@lirmm.fr mailing list for announcement about releases
- algorithm2e-discussion@lirmm.fr mailing list for discussion about package
subscribe by emailing sympa@lirmm.fr with 'subscribe <list> <firstname name>'
- Author: Christophe Fiorio (cfiorio@um2.fr)
********************************************************
\skiptotal=\skip43
\skiplinenumber=\skip44
\skiprule=\skip45
\skiphlne=\skip46
\skiptext=\skip47
\skiplength=\skip48
\algomargin=\skip49
\skipalgocfslide=\skip50
\algowidth=\dimen103
\inoutsize=\dimen104
\inoutindent=\dimen105
\interspacetitleruled=\dimen106
\interspacealgoruled=\dimen107
\interspacetitleboxruled=\dimen108
\algocf@inoutbox=\box26
\algocf@inputbox=\box27
\AlCapSkip=\skip51
\AlCapHSkip=\skip52
\algoskipindent=\skip53
\algocf@nlbox=\box28
\algocf@hangingbox=\box29
\algocf@untilbox=\box30
\algocf@skipuntil=\skip54
\algocf@capbox=\box31
\algoheightruledefault=\skip55
\algoheightrule=\skip56
\algotitleheightruledefault=\skip57
\algotitleheightrule=\skip58
\c@algocfline=\count88
\c@algocfproc=\count89
\c@algocf=\count90
\algocf@algoframe=\box32
\algocf@algobox=\box33
) (D:\MikTex\tex\latex\setspace\setspace.sty
Package: setspace 2011/12/19 v6.7a set line spacing
)
(D:\MikTex\tex\latex\geometry\geometry.sty
Package: geometry 2010/09/12 v5.6 Page Geometry

(D:\MikTex\tex\latex\graphics\keyval.sty
Package: keyval 2014/10/28 v1.15 key=value parser (DPC)
\KV@toks@=\toks14
)
(D:\MikTex\tex\generic\oberdiek\ifpdf.sty
Package: ifpdf 2011/01/30 v2.3 Provides the ifpdf switch (HO)
Package ifpdf Info: pdfTeX in PDF mode is detected.
)
(D:\MikTex\tex\generic\oberdiek\ifvtex.sty
Package: ifvtex 2010/03/01 v1.5 Detect VTeX and its facilities (HO)
Package ifvtex Info: VTeX not detected.
)
(D:\MikTex\tex\generic\ifxetex\ifxetex.sty
Package: ifxetex 2010/09/12 v0.6 Provides ifxetex conditional
)
\Gm@cnth=\count91
\Gm@cntv=\count92
\c@Gm@tempcnt=\count93
\Gm@bindingoffset=\dimen109
\Gm@wd@mp=\dimen110
\Gm@odd@mp=\dimen111
\Gm@even@mp=\dimen112
\Gm@layoutwidth=\dimen113
\Gm@layoutheight=\dimen114
\Gm@layouthoffset=\dimen115
\Gm@layoutvoffset=\dimen116
\Gm@dimlist=\toks15

(D:\MikTex\tex\latex\geometry\geometry.cfg))
(D:\MikTex\tex\latex\graphics\graphicx.sty
Package: graphicx 2014/10/28 v1.0g Enhanced LaTeX Graphics (DPC,SPQR)

(D:\MikTex\tex\latex\graphics\graphics.sty
Package: graphics 2014/10/28 v1.0p Standard LaTeX Graphics (DPC,SPQR)

(D:\MikTex\tex\latex\graphics\trig.sty
Package: trig 1999/03/16 v1.09 sin cos tan (DPC)
)
(D:\MikTex\tex\latex\00miktex\graphics.cfg
File: graphics.cfg 2007/01/18 v1.5 graphics configuration of teTeX/TeXLive
)
Package graphics Info: Driver file: pdftex.def on input line 94.

(D:\MikTex\tex\latex\pdftex-def\pdftex.def
File: pdftex.def 2011/05/27 v0.06d Graphics/color for pdfTeX

(D:\MikTex\tex\generic\oberdiek\infwarerr.sty
Package: infwarerr 2010/04/08 v1.3 Providing info/warning/error messages (HO)
)
(D:\MikTex\tex\generic\oberdiek\ltxcmds.sty
Package: ltxcmds 2011/11/09 v1.22 LaTeX kernel commands for general use (HO)
)
\Gread@gobject=\count94
))
\Gin@req@height=\dimen117
\Gin@req@width=\dimen118
)
(D:\MikTex\tex\latex\cleveref\cleveref.sty
Package: cleveref 2013/12/28 v0.19 Intelligent cross-referencing
Package cleveref Info: `algorithm2e' support loaded on input line 2966.
Package cleveref Info: always capitalise cross-reference names on input line 74
70.
Package cleveref Info: always capitalise cross-reference names on input line 74
93.
)
(D:\MikTex\tex\latex\subfig\subfig.sty
Package: subfig 2005/06/28 ver: 1.3 subfig package
 (D:\MikTex\tex\latex\caption\caption.sty
Package: caption 2013/05/02 v3.3-89 Customizing captions (AR)
(D:\MikTex\tex\latex\caption\caption3.sty
Package: caption3 2013/05/02 v1.6-88 caption3 kernel (AR)
Package caption3 Info: TeX engine: e-TeX on input line 57.
\captionmargin=\dimen119
\captionmargin@=\dimen120
\captionwidth=\dimen121
\caption@tempdima=\dimen122
\caption@indent=\dimen123
\caption@parindent=\dimen124
\caption@hangindent=\dimen125
)
\c@ContinuedFloat=\count95
)
\c@KVtest=\count96
\sf@farskip=\skip59
\sf@captopadj=\dimen126
\sf@capskip=\skip60
\sf@nearskip=\skip61
\c@subfigure=\count97
\c@subfigure@save=\count98
\c@lofdepth=\count99
\c@subtable=\count100
\c@subtable@save=\count101
\c@lotdepth=\count102
\sf@top=\skip62
\sf@bottom=\skip63
) (report.aux

LaTeX Warning: Label `fig:self-nolive' multiply defined.


LaTeX Warning: Label `fig:self-nolive@cref' multiply defined.

)
LaTeX Font Info:    Checking defaults for OML/cmm/m/it on input line 15.
LaTeX Font Info:    ... okay on input line 15.
LaTeX Font Info:    Checking defaults for T1/cmr/m/n on input line 15.
LaTeX Font Info:    ... okay on input line 15.
LaTeX Font Info:    Checking defaults for OT1/cmr/m/n on input line 15.
LaTeX Font Info:    ... okay on input line 15.
LaTeX Font Info:    Checking defaults for OMS/cmsy/m/n on input line 15.
LaTeX Font Info:    ... okay on input line 15.
LaTeX Font Info:    Checking defaults for OMX/cmex/m/n on input line 15.
LaTeX Font Info:    ... okay on input line 15.
LaTeX Font Info:    Checking defaults for U/cmr/m/n on input line 15.
LaTeX Font Info:    ... okay on input line 15.

*geometry* driver: auto-detecting
*geometry* detected driver: pdftex
*geometry* verbose mode - [ preamble ] result:
* driver: pdftex
* paper: <default>
* layout: <same size as paper>
* layoutoffset:(h,v)=(0.0pt,0.0pt)
* modes: 
* h-part:(L,W,R)=(72.26999pt, 469.75502pt, 72.26999pt)
* v-part:(T,H,B)=(72.26999pt, 650.43001pt, 72.26999pt)
* \paperwidth=614.295pt
* \paperheight=794.96999pt
* \textwidth=469.75502pt
* \textheight=650.43001pt
* \oddsidemargin=0.0pt
* \evensidemargin=0.0pt
* \topmargin=-37.0pt
* \headheight=12.0pt
* \headsep=25.0pt
* \topskip=12.0pt
* \footskip=30.0pt
* \marginparwidth=44.0pt
* \marginparsep=10.0pt
* \columnsep=10.0pt
* \skip\footins=10.8pt plus 4.0pt minus 2.0pt
* \hoffset=0.0pt
* \voffset=0.0pt
* \mag=1000
* \@twocolumnfalse
* \@twosidefalse
* \@mparswitchfalse
* \@reversemarginfalse
* (1in=72.27pt=25.4mm, 1cm=28.453pt)

(D:\MikTex\tex\context\base\supp-pdf.mkii
[Loading MPS to PDF converter (version 2006.09.02).]
\scratchcounter=\count103
\scratchdimen=\dimen127
\scratchbox=\box34
\nofMPsegments=\count104
\nofMParguments=\count105
\everyMPshowfont=\toks16
\MPscratchCnt=\count106
\MPscratchDim=\dimen128
\MPnumerator=\count107
\makeMPintoPDFobject=\count108
\everyMPtoPDFconversion=\toks17
)
Package caption Info: Begin \AtBeginDocument code.
Package caption Info: subfig package v1.3 is loaded.
Package caption Info: End \AtBeginDocument code.
LaTeX Font Info:    External font `cmex10' loaded for size
(Font)              <14.4> on input line 16.
LaTeX Font Info:    External font `cmex10' loaded for size
(Font)              <7> on input line 16.


LaTeX Warning: No \author given.

<gfx/multicores.jpg, id=1, 338.9463pt x 164.7756pt>
File: gfx/multicores.jpg Graphic file (type jpg)
 <use gfx/multicores.jpg>
Package pdftex.def Info: gfx/multicores.jpg used on input line 27.
(pdftex.def)             Requested size: 170.71652pt x 82.99352pt.
Missing character: There is no ‚ in font cmr12!
Missing character: There is no Ä in font cmr12!
Missing character: There is no ú in font cmr12!
Missing character: There is no ‚ in font cmr12!
Missing character: There is no Ä in font cmr12!
Missing character: There is no ù in font cmr12!

[1

{C:/Users/Henry/AppData/Local/MiKTeX/2.9/pdftex/config/pdftex.map}] [2 <./gfx/m
ulticores.jpg>]
Missing character: There is no ‚ in font cmr12!
Missing character: There is no Ä in font cmr12!
Missing character: There is no ú in font cmr12!
Missing character: There is no ‚ in font cmr12!
Missing character: There is no Ä in font cmr12!
Missing character: There is no ù in font cmr12!
Missing character: There is no ‚ in font cmr12!
Missing character: There is no Ä in font cmr12!
Missing character: There is no ú in font cmr12!
Missing character: There is no ‚ in font cmr12!
Missing character: There is no Ä in font cmr12!
Missing character: There is no ù in font cmr12!
Missing character: There is no ‚ in font cmr12!
Missing character: There is no Ä in font cmr12!
Missing character: There is no ô in font cmr12!
Missing character: There is no ‚ in font cmr12!
Missing character: There is no Ä in font cmr12!
Missing character: There is no ô in font cmr12!
 [3]
Missing character: There is no ‚ in font cmr12!
Missing character: There is no Ä in font cmr12!
Missing character: There is no ô in font cmr12!
Missing character: There is no ‚ in font cmr12!
Missing character: There is no Ä in font cmr12!
Missing character: There is no ô in font cmr12!
Missing character: There is no ‚ in font cmr12!
Missing character: There is no Ä in font cmr12!
Missing character: There is no ú in font cmr12!
Missing character: There is no ‚ in font cmr12!
Missing character: There is no Ä in font cmr12!
Missing character: There is no ù in font cmr12!
 [4]
LaTeX Font Info:    External font `cmex10' loaded for size
(Font)              <12> on input line 75.
LaTeX Font Info:    External font `cmex10' loaded for size
(Font)              <8> on input line 75.
LaTeX Font Info:    External font `cmex10' loaded for size
(Font)              <6> on input line 75.
 [5]
<gfx/image1.png, id=23, 1194.4625pt x 234.8775pt>
File: gfx/image1.png Graphic file (type png)
 <use gfx/image1.png>
Package pdftex.def Info: gfx/image1.png used on input line 101.
(pdftex.def)             Requested size: 455.24408pt x 89.51958pt.
Missing character: There is no ‚ in font cmr12!
Missing character: There is no Ä in font cmr12!
Missing character: There is no ô in font cmr12!
Missing character: There is no ‚ in font cmr12!
Missing character: There is no Ä in font cmr12!
Missing character: There is no ú in font cmr12!
Missing character: There is no ‚ in font cmr12!
Missing character: There is no Ä in font cmr12!
Missing character: There is no ù in font cmr12!
 [6 <./gfx/image1.png>]
Missing character: There is no ‚ in font cmr12!
Missing character: There is no Ü in font cmr12!
Missing character: There is no í in font cmr12!
Missing character: There is no ‚ in font cmr12!
Missing character: There is no Ü in font cmr12!
Missing character: There is no í in font cmr12!
Missing character: There is no ‚ in font cmr12!
Missing character: There is no Ä in font cmr12!
Missing character: There is no ô in font cmr12!
Missing character: There is no ‚ in font cmr12!
Missing character: There is no Ä in font cmr12!
Missing character: There is no ô in font cmr12!
 [7]
Missing character: There is no ‚ in font cmr12!
Missing character: There is no Ä in font cmr12!
Missing character: There is no ô in font cmr12!
Missing character: There is no ‚ in font cmr12!
Missing character: There is no Ä in font cmr12!
Missing character: There is no ú in font cmr12!
Missing character: There is no ‚ in font cmr12!
Missing character: There is no Ä in font cmr12!
Missing character: There is no ù in font cmr12!
 [8] [9] <figs/tssize.pdf, id=39, 1445.4pt x 289.08pt>
File: figs/tssize.pdf Graphic file (type pdf)

<use figs/tssize.pdf>
Package pdftex.def Info: figs/tssize.pdf used on input line 217.
(pdftex.def)             Requested size: 446.26582pt x 89.25217pt.
 <figs/selfincr_nolive.pdf, id=40, 1445.4pt x 289.08pt>
File: figs/selfincr_nolive.pdf Graphic file (type pdf)

<use figs/selfincr_nolive.pdf>
Package pdftex.def Info: figs/selfincr_nolive.pdf used on input line 237.
(pdftex.def)             Requested size: 446.26582pt x 89.25217pt.

<figs/selfincr_nolive_renew.pdf, id=41, 1445.4pt x 289.08pt>
File: figs/selfincr_nolive_renew.pdf Graphic file (type pdf)

<use figs/selfincr_nolive_renew.pdf>
Package pdftex.def Info: figs/selfincr_nolive_renew.pdf used on input line 240.

(pdftex.def)             Requested size: 446.26582pt x 89.25217pt.
 [10 <./figs/tssize.pdf>]
File: figs/selfincr_nolive.pdf Graphic file (type pdf)

<use figs/selfincr_nolive.pdf>
Package pdftex.def Info: figs/selfincr_nolive.pdf used on input line 254.
(pdftex.def)             Requested size: 446.26582pt x 89.25217pt.
File: figs/selfincr_nolive_renew.pdf Graphic file (type pdf)
 <use figs/selfincr_nolive_renew.pdf>
Package pdftex.def Info: figs/selfincr_nolive_renew.pdf used on input line 257.

(pdftex.def)             Requested size: 446.26582pt x 89.25217pt.
Missing character: There is no ‚ in font cmr12!
Missing character: There is no Ä in font cmr12!
Missing character: There is no ú in font cmr12!
Missing character: There is no ‚ in font cmr12!
Missing character: There is no Ä in font cmr12!
Missing character: There is no ù in font cmr12!
Missing character: There is no ‚ in font cmr12!
Missing character: There is no Ä in font cmr12!
Missing character: There is no ô in font cmr12!
Missing character: There is no ‚ in font cmr12!
Missing character: There is no Ä in font cmr12!
Missing character: There is no ô in font cmr12!
 (report.bbl [11 <./figs/selfincr_nolive.pdf> <./figs/selfincr_nolive_renew.pdf


pdfTeX warning: pdflatex.exe (file ./figs/selfincr_nolive_renew.pdf): PDF inclu
sion: multiple pdfs with page group included in a single page
>]) [12] (report.aux)

LaTeX Warning: There were multiply-defined labels.

 ) 
Here is how much of TeX's memory you used:
 5853 strings out of 493673
 96640 string characters out of 3151276
 202696 words of memory out of 3000000
 9183 multiletter control sequences out of 15000+200000
 9763 words of font info for 34 fonts, out of 3000000 for 9000
 1025 hyphenation exceptions out of 8191
 44i,17n,47p,1282b,430s stack positions out of 5000i,500n,10000p,200000b,50000s
<D:/MikTex/fonts/type1/public/amsfonts/cm/cmbx10.pfb><D:/MikTex/fonts/type1/p
ublic/amsfonts/cm/cmbx12.pfb><D:/MikTex/fonts/type1/public/amsfonts/cm/cmr10.pf
b><D:/MikTex/fonts/type1/public/amsfonts/cm/cmr12.pfb><D:/MikTex/fonts/type1/pu
blic/amsfonts/cm/cmr17.pfb><D:/MikTex/fonts/type1/public/amsfonts/cm/cmsy10.pfb
><D:/MikTex/fonts/type1/public/amsfonts/cm/cmti12.pfb>
Output written on report.pdf (12 pages, 293759 bytes).
PDF statistics:
 235 PDF objects out of 1000 (max. 8388607)
 0 named destinations out of 1000 (max. 500000)
 26 words of extra memory for PDF output out of 10000 (max. 10000000)

